<?xml version="1.0" encoding="UTF-8"?>
<testsuite xmlns:xsi="http://www.w3.org/2001/XMLSchema-instance" xsi:noNamespaceSchemaLocation="https://maven.apache.org/surefire/maven-surefire-plugin/xsd/surefire-test-report-3.0.xsd" version="3.0" name="com.healthcare.mobilebff.MobileBffControllerTest" time="4.412" tests="1" errors="0" skipped="0" failures="0">
  <properties>
[...]
</properties>
  <testcase name="returnsClientProfile" classname="com.healthcare.mobilebff.MobileBffControllerTest" time="0.904">
    <system-out><![CDATA[13:31:07.188 [main] INFO org.springframework.test.context.support.AnnotationConfigContextLoaderUtils -- Could not detect default configuration classes for test class [com.healthcare.mobilebff.MobileBffControllerTest]: MobileBffControllerTest does not declare any static, non-private, non-final, nested classes annotated with @Configuration.
13:31:07.354 [main] INFO org.springframework.boot.test.context.SpringBootTestContextBootstrapper -- Found @SpringBootConfiguration com.healthcare.mobilebff.MobileBffApplication for test class com.healthcare.mobilebff.MobileBffControllerTest

  .   ____          _            __ _ _
 /\\ / ___'_ __ _ _(_)_ __  __ _ \ \ \ \
( ( )\___ | '_ | '_| | '_ \/ _` | \ \ \ \
 \\/  ___)| |_)| | | | | || (_| |  ) ) ) )
  '  |____| .__|_| |_|_| |_\__, | / / / /
 =========|_|==============|___/=/_/_/_/

 :: Spring Boot ::                (v3.3.2)

2026-07-10T13:31:08.025+05:30  INFO 47768 --- [mobile-bff] [           main] c.h.mobilebff.MobileBffControllerTest    : Starting MobileBffControllerTest using Java 21.0.9 with PID 47768 (started by z003tnzh in C:\Users\z003tnzh\OneDrive - Siemens AG\My Docs\BITS Pilani\Semester3\Assignments\ScalableServices\bff\mobile-bff)
2026-07-10T13:31:08.027+05:30  INFO 47768 --- [mobile-bff] [           main] c.h.mobilebff.MobileBffControllerTest    : No active profile set, falling back to 1 default profile: "default"
2026-07-10T13:31:10.292+05:30  INFO 47768 --- [mobile-bff] [           main] o.s.b.t.m.w.SpringBootMockServletContext : Initializing Spring TestDispatcherServlet ''
2026-07-10T13:31:10.292+05:30  INFO 47768 --- [mobile-bff] [           main] o.s.t.web.servlet.TestDispatcherServlet  : Initializing Servlet ''
2026-07-10T13:31:10.304+05:30  INFO 47768 --- [mobile-bff] [           main] o.s.b.a.e.web.EndpointLinksResolver      : Exposing 2 endpoints beneath base path '/actuator'
2026-07-10T13:31:10.313+05:30  INFO 47768 --- [mobile-bff] [           main] o.s.t.web.servlet.TestDispatcherServlet  : Completed initialization in 21 ms
2026-07-10T13:31:10.374+05:30  INFO 47768 --- [mobile-bff] [           main] c.h.mobilebff.MobileBffControllerTest    : Started MobileBffControllerTest in 2.788 seconds (process running for 4.169)
]]></system-out>
    <system-err><![CDATA[WARNING: A Java agent has been loaded dynamically (C:\Users\z003tnzh\Documents\COMPAS-WS\M2\net\bytebuddy\byte-buddy-agent\1.14.18\byte-buddy-agent-1.14.18.jar)
WARNING: If a serviceability tool is in use, please run with -XX:+EnableDynamicAgentLoading to hide this warning
WARNING: If a serviceability tool is not in use, please run with -Djdk.instrument.traceUsage for more information
WARNING: Dynamic loading of agents will be disallowed by default in a future release
]]></system-err>
  </testcase>
</testsuite>